<?xml version="1.0" encoding="UTF-8"?>
<testsuite name="com.pact.product.consumer.RetailerContractTests" tests="1" skipped="0" failures="0" errors="0" timestamp="2023-02-23T09:30:44" hostname="SivaJs-MacBook-Pro.local" time="0.456">
  <properties/>
  <testcase name="testGetItemDetailsFromRetailer" classname="com.pact.product.consumer.RetailerContractTests" time="0.456"/>
  <system-out><![CDATA[]]></system-out>
  <system-err><![CDATA[]]></system-err>
</testsuite>
