<?xml version="1.0" encoding="UTF-8"?>
<testsuite name="com.pact.consumer.producer.PactProviderJUnit5Test" tests="2" skipped="0" failures="0" errors="0" timestamp="2023-02-23T10:04:56" hostname="SivaJs-MacBook-Pro.local" time="0.043">
  <properties/>
  <testcase name="UserConsumer - A request for a user" classname="com.pact.consumer.producer.PactProviderJUnit5Test" time="0.036"/>
  <testcase name="UserConsumer - A request for a user list" classname="com.pact.consumer.producer.PactProviderJUnit5Test" time="0.006"/>
  <system-out><![CDATA[2023-02-23T15:34:56.111+05:30  INFO 22437 --- [    Test worker] t.c.s.AnnotationConfigContextLoaderUtils : Could not detect default configuration classes for test class [com.pact.consumer.producer.PactProviderJUnit5Test]: PactProviderJUnit5Test does not declare any static, non-private, non-final, nested classes annotated with @Configuration.
2023-02-23T15:34:56.113+05:30  INFO 22437 --- [    Test worker] .b.t.c.SpringBootTestContextBootstrapper : Found @SpringBootConfiguration com.pact.consumer.producer.Main for test class com.pact.consumer.producer.PactProviderJUnit5Test
2023-02-23T15:34:56.136+05:30  INFO 22437 --- [    Test worker] p.j.PactVerificationStateChangeExtension : Invoking state change method 'A running user service':SETUP

Verifying a pact between UserConsumer and UserServiceJUnit5
  [Using File build/pacts/UserConsumer-UserServiceJUnit5.json]
  Given A running user service
  A request for a user

  Comments:

    returns a response which
      has status code 200 (OK)
      has a matching body (OK)
2023-02-23T15:34:56.169+05:30  WARN 22437 --- [    Test worker] a.c.d.p.p.DefaultTestResultAccumulator   : Not all of the 2 were verified. The following were missing:
2023-02-23T15:34:56.169+05:30  WARN 22437 --- [    Test worker] a.c.d.p.p.DefaultTestResultAccumulator   :     A request for a user list
2023-02-23T15:34:56.172+05:30  INFO 22437 --- [    Test worker] p.j.PactVerificationStateChangeExtension : Invoking state change method 'A running user service':SETUP

Verifying a pact between UserConsumer and UserServiceJUnit5
  [Using File build/pacts/UserConsumer-UserServiceJUnit5.json]
  Given A running user service
  A request for a user list

  Comments:

    returns a response which
      has status code 200 (OK)
      has a matching body (OK)
2023-02-23T15:34:56.176+05:30  WARN 22437 --- [    Test worker] a.c.d.p.p.DefaultTestResultAccumulator   : Skipping publishing of verification results as it has been disabled (pact.verifier.publishResults is not 'true')
]]></system-out>
  <system-err><![CDATA[]]></system-err>
</testsuite>
