<?xml version="1.0" encoding="UTF-8"?>
<testsuite name="com.pact.consumer.producer.PactProviderJUnit5WithBrokerTest" tests="2" skipped="0" failures="0" errors="0" timestamp="2023-02-23T10:04:54" hostname="SivaJs-MacBook-Pro.local" time="0.521">
  <properties/>
  <testcase name="Pact between UserConsumer (0.0.1-SNAPSHOT) and UserServiceJUnit5 - A request for a user" classname="com.pact.consumer.producer.PactProviderJUnit5WithBrokerTest" time="0.319"/>
  <testcase name="Pact between UserConsumer (0.0.1-SNAPSHOT) and UserServiceJUnit5 - A request for a user list" classname="com.pact.consumer.producer.PactProviderJUnit5WithBrokerTest" time="0.2"/>
  <system-out><![CDATA[15:34:53.410 [Test worker] DEBUG org.springframework.boot.test.context.SpringBootTestContextBootstrapper - Neither @ContextConfiguration nor @ContextHierarchy found for test class [PactProviderJUnit5WithBrokerTest]: using SpringBootContextLoader
15:34:53.412 [Test worker] DEBUG org.springframework.test.context.support.AbstractContextLoader - Could not detect default resource locations for test class [com.pact.consumer.producer.PactProviderJUnit5WithBrokerTest]: no resource found for suffixes {-context.xml, Context.groovy}.
15:34:53.412 [Test worker] INFO org.springframework.test.context.support.AnnotationConfigContextLoaderUtils - Could not detect default configuration classes for test class [com.pact.consumer.producer.PactProviderJUnit5WithBrokerTest]: PactProviderJUnit5WithBrokerTest does not declare any static, non-private, non-final, nested classes annotated with @Configuration.
15:34:53.422 [Test worker] DEBUG org.springframework.boot.test.context.SpringBootTestContextBootstrapper - Using ContextCustomizers for test class [PactProviderJUnit5WithBrokerTest]: [DisableObservabilityContextCustomizer, PropertyMappingContextCustomizer, Customizer, ExcludeFilterContextCustomizer, DuplicateJsonObjectContextCustomizer, MockitoContextCustomizer, TestRestTemplateContextCustomizer]
15:34:53.456 [Test worker] DEBUG org.springframework.context.annotation.ClassPathScanningCandidateComponentProvider - Identified candidate component class: file [/Users/siva/FACADE/FissionLabs/coe/pact-consumer-producer/build/classes/java/main/com/pact/consumer/producer/Main.class]
15:34:53.461 [Test worker] INFO org.springframework.boot.test.context.SpringBootTestContextBootstrapper - Found @SpringBootConfiguration com.pact.consumer.producer.Main for test class com.pact.consumer.producer.PactProviderJUnit5WithBrokerTest
15:34:53.502 [Test worker] DEBUG org.springframework.test.context.util.TestContextSpringFactoriesUtils - Skipping candidate TestExecutionListener [org.springframework.test.context.transaction.TransactionalTestExecutionListener] due to a missing dependency. Specify custom TestExecutionListener classes or make the default TestExecutionListener classes and their required dependencies available. Offending class: [org/springframework/transaction/interceptor/TransactionAttributeSource]
15:34:53.503 [Test worker] DEBUG org.springframework.test.context.util.TestContextSpringFactoriesUtils - Skipping candidate TestExecutionListener [org.springframework.test.context.jdbc.SqlScriptsTestExecutionListener] due to a missing dependency. Specify custom TestExecutionListener classes or make the default TestExecutionListener classes and their required dependencies available. Offending class: [org/springframework/transaction/interceptor/TransactionAttribute]
15:34:53.504 [Test worker] DEBUG org.springframework.boot.test.context.SpringBootTestContextBootstrapper - Using TestExecutionListeners for test class [PactProviderJUnit5WithBrokerTest]: [ServletTestExecutionListener, DirtiesContextBeforeModesTestExecutionListener, ApplicationEventsTestExecutionListener, MockitoTestExecutionListener, DependencyInjectionTestExecutionListener, DirtiesContextTestExecutionListener, EventPublishingTestExecutionListener, RestDocsTestExecutionListener, MockRestServiceServerResetTestExecutionListener, MockMvcPrintOnlyOnFailureTestExecutionListener, WebDriverTestExecutionListener, MockWebServiceServerTestExecutionListener, ResetMocksTestExecutionListener]
15:34:53.504 [Test worker] DEBUG org.springframework.test.context.support.AbstractDirtiesContextTestExecutionListener - Before test class: class [PactProviderJUnit5WithBrokerTest], class annotated with @DirtiesContext [false] with mode [null]
15:34:53.515 [Test worker] DEBUG au.com.dius.pact.provider.junit5.PactVerificationInvocationContextProvider - Verifying pacts for provider 'UserServiceJUnit5' and consumer 'null'
15:34:53.682 [Test worker] DEBUG au.com.dius.pact.provider.junit5.PactVerificationInvocationContextProvider - Pact sources on test class:
 @au.com.dius.pact.provider.junitsupport.loader.PactSource(au.com.dius.pact.provider.junitsupport.loader.PactBrokerLoader.class)
15:34:53.683 [Test worker] DEBUG au.com.dius.pact.provider.ProviderUtils - Pact source does not have a constructor with one argument of type Class
15:34:53.723 [Test worker] DEBUG au.com.dius.pact.provider.junitsupport.loader.PactBrokerLoader - Loading pacts from pact broker for provider UserServiceJUnit5 and consumer version selectors []
15:34:53.730 [Test worker] DEBUG au.com.dius.pact.core.pactbroker.HalClient - Fetching: /
15:34:53.819 [Test worker] DEBUG org.apache.hc.client5.http.impl.classic.InternalHttpClient - ex-0000000001 preparing request execution
15:34:53.824 [Test worker] DEBUG org.apache.hc.client5.http.protocol.RequestAddCookies - ex-0000000001 Cookie spec selected: strict
15:34:53.825 [Test worker] DEBUG org.apache.hc.client5.http.protocol.RequestAuthCache - ex-0000000001 Auth cache not set in the context
15:34:53.826 [Test worker] DEBUG org.apache.hc.client5.http.impl.classic.ProtocolExec - ex-0000000001 target auth state: UNCHALLENGED
15:34:53.826 [Test worker] DEBUG org.apache.hc.client5.http.impl.classic.ProtocolExec - ex-0000000001 proxy auth state: UNCHALLENGED
15:34:53.826 [Test worker] DEBUG org.apache.hc.client5.http.impl.classic.ConnectExec - ex-0000000001 acquiring connection with route {}->http://localhost:9292
15:34:53.826 [Test worker] DEBUG org.apache.hc.client5.http.impl.classic.InternalHttpClient - ex-0000000001 acquiring endpoint (3 MINUTES)
15:34:53.826 [Test worker] DEBUG org.apache.hc.client5.http.impl.io.PoolingHttpClientConnectionManager - ex-0000000001 endpoint lease request (3 MINUTES) [route: {}->http://localhost:9292][total available: 0; route allocated: 0 of 5; total allocated: 0 of 25]
15:34:53.828 [Test worker] DEBUG org.apache.hc.client5.http.impl.io.PoolingHttpClientConnectionManager - ex-0000000001 endpoint leased [route: {}->http://localhost:9292][total available: 0; route allocated: 1 of 5; total allocated: 1 of 25]
15:34:53.831 [Test worker] DEBUG org.apache.hc.client5.http.impl.io.PoolingHttpClientConnectionManager - ex-0000000001 acquired ep-0000000001
15:34:53.831 [Test worker] DEBUG org.apache.hc.client5.http.impl.classic.InternalHttpClient - ex-0000000001 acquired endpoint ep-0000000001
15:34:53.831 [Test worker] DEBUG org.apache.hc.client5.http.impl.classic.ConnectExec - ex-0000000001 opening connection {}->http://localhost:9292
15:34:53.831 [Test worker] DEBUG org.apache.hc.client5.http.impl.classic.InternalHttpClient - ep-0000000001 connecting endpoint (3 MINUTES)
15:34:53.831 [Test worker] DEBUG org.apache.hc.client5.http.impl.io.PoolingHttpClientConnectionManager - ep-0000000001 connecting endpoint to http://localhost:9292 (3 MINUTES)
15:34:53.835 [Test worker] DEBUG org.apache.hc.client5.http.impl.io.DefaultHttpClientConnectionOperator - http-outgoing-0 connecting to localhost/127.0.0.1:9292
15:34:53.835 [Test worker] DEBUG org.apache.hc.client5.http.impl.io.DefaultHttpClientConnectionOperator - http-outgoing-0 connection established 127.0.0.1:53585<->127.0.0.1:9292
15:34:53.835 [Test worker] DEBUG org.apache.hc.client5.http.impl.io.PoolingHttpClientConnectionManager - ep-0000000001 connected http-outgoing-0
15:34:53.835 [Test worker] DEBUG org.apache.hc.client5.http.impl.classic.InternalHttpClient - ep-0000000001 endpoint connected
15:34:53.836 [Test worker] DEBUG org.apache.hc.client5.http.impl.classic.MainClientExec - ex-0000000001 executing GET / HTTP/1.1
15:34:53.836 [Test worker] DEBUG org.apache.hc.client5.http.impl.classic.InternalHttpClient - ep-0000000001 start execution ex-0000000001
15:34:53.836 [Test worker] DEBUG org.apache.hc.client5.http.impl.io.PoolingHttpClientConnectionManager - ep-0000000001 executing exchange ex-0000000001 over http-outgoing-0
15:34:53.836 [Test worker] DEBUG org.apache.hc.client5.http.headers - http-outgoing-0 >> GET / HTTP/1.1
15:34:53.836 [Test worker] DEBUG org.apache.hc.client5.http.headers - http-outgoing-0 >> Content-Type: application/json
15:34:53.836 [Test worker] DEBUG org.apache.hc.client5.http.headers - http-outgoing-0 >> Accept: application/hal+json, application/json
15:34:53.836 [Test worker] DEBUG org.apache.hc.client5.http.headers - http-outgoing-0 >> Accept-Encoding: gzip, x-gzip, deflate
15:34:53.836 [Test worker] DEBUG org.apache.hc.client5.http.headers - http-outgoing-0 >> Host: localhost:9292
15:34:53.836 [Test worker] DEBUG org.apache.hc.client5.http.headers - http-outgoing-0 >> Connection: keep-alive
15:34:53.836 [Test worker] DEBUG org.apache.hc.client5.http.headers - http-outgoing-0 >> User-Agent: Apache-HttpClient/5.1.4 (Java/19)
15:34:53.836 [Test worker] DEBUG org.apache.hc.client5.http.wire - http-outgoing-0 >> "GET / HTTP/1.1[\r][\n]"
15:34:53.836 [Test worker] DEBUG org.apache.hc.client5.http.wire - http-outgoing-0 >> "Content-Type: application/json[\r][\n]"
15:34:53.836 [Test worker] DEBUG org.apache.hc.client5.http.wire - http-outgoing-0 >> "Accept: application/hal+json, application/json[\r][\n]"
15:34:53.836 [Test worker] DEBUG org.apache.hc.client5.http.wire - http-outgoing-0 >> "Accept-Encoding: gzip, x-gzip, deflate[\r][\n]"
15:34:53.836 [Test worker] DEBUG org.apache.hc.client5.http.wire - http-outgoing-0 >> "Host: localhost:9292[\r][\n]"
15:34:53.836 [Test worker] DEBUG org.apache.hc.client5.http.wire - http-outgoing-0 >> "Connection: keep-alive[\r][\n]"
15:34:53.836 [Test worker] DEBUG org.apache.hc.client5.http.wire - http-outgoing-0 >> "User-Agent: Apache-HttpClient/5.1.4 (Java/19)[\r][\n]"
15:34:53.836 [Test worker] DEBUG org.apache.hc.client5.http.wire - http-outgoing-0 >> "[\r][\n]"
15:34:53.895 [Test worker] DEBUG org.apache.hc.client5.http.wire - http-outgoing-0 << "HTTP/1.1 200 OK[\r][\n]"
15:34:53.895 [Test worker] DEBUG org.apache.hc.client5.http.wire - http-outgoing-0 << "Vary: Accept[\r][\n]"
15:34:53.895 [Test worker] DEBUG org.apache.hc.client5.http.wire - http-outgoing-0 << "Content-Type: application/hal+json;charset=utf-8[\r][\n]"
15:34:53.895 [Test worker] DEBUG org.apache.hc.client5.http.wire - http-outgoing-0 << "Date: Thu, 23 Feb 2023 10:04:53 GMT[\r][\n]"
15:34:53.895 [Test worker] DEBUG org.apache.hc.client5.http.wire - http-outgoing-0 << "Server: Webmachine-Ruby/1.6.0 Rack/1.3[\r][\n]"
15:34:53.895 [Test worker] DEBUG org.apache.hc.client5.http.wire - http-outgoing-0 << "X-Pact-Broker-Version: 2.106.0[\r][\n]"
15:34:53.896 [Test worker] DEBUG org.apache.hc.client5.http.wire - http-outgoing-0 << "X-Content-Type-Options: nosniff[\r][\n]"
15:34:53.896 [Test worker] DEBUG org.apache.hc.client5.http.wire - http-outgoing-0 << "Content-Length: 4300[\r][\n]"
15:34:53.896 [Test worker] DEBUG org.apache.hc.client5.http.wire - http-outgoing-0 << "[\r][\n]"
15:34:53.896 [Test worker] DEBUG org.apache.hc.client5.http.wire - http-outgoing-0 << "{"_links":{"self":{"href":"http://localhost:9292","title":"Index","templated":false},"pb:publish-pact":{"href":"http://localhost:9292/pacts/provider/{provider}/consumer/{consumer}/version/{consumerApplicationVersion}","title":"Publish a pact","templated":true},"pb:publish-contracts":{"href":"http://localhost:9292/contracts/publish","title":"Publish contracts","templated":false},"pb:latest-pact-versions":{"href":"http://localhost:9292/pacts/latest","title":"Latest pact versions","templated":false},"pb:tagged-pact-versions":{"href":"http://localhost:9292/pacts/provider/{provider}/consumer/{consumer}/tag/{tag}","title":"All versions of a pact for a given consumer, provider and consumer version tag","templated":false},"pb:pacticipants":{"href":"http://localhost:9292/pacticipants","title":"Pacticipants","templated":false},"pb:pacticipant":{"href":"http://localhost:9292/pacticipants/{pacticipant}","title":"Fetch pacticipant by name","templated":true},"pb:latest-provider-pacts":{"href":"http://localhost:9292/pacts/provider/{provider}/latest","title":"Latest pacts by provider","templated":true},"pb:latest-provider-pacts-with-tag":{"href":"http://localhost:9292/pacts/provider/{provider}/latest/{tag}","title":"Latest pacts for provider with the specified tag","templated":true},"pb:provider-pacts-with-tag":{"href":"http://localhost:9292/pacts/provider/{provider}/tag/{tag}","title":"All pact versions for the provider with the specified consumer version tag","templated":true},"pb:provider-pacts":{"href":"http://localhost:9292/pacts/provider/{provider}","title":"All pact versions for the specified provider","templated":true},"pb:latest-version":{"href":"http://localhost:9292/pacticipants/{pacticipant}/latest-version","title":"Latest pacticipant version","templated":true},"pb:latest-tagged-version":{"href":"http://localhost:9292/pacticipants/{pacticipant}/latest-version/{tag}","title":"Latest pacticipant version with the specified tag","templated":true},"pb:webhooks":{"href":"http://localhost:9292/webhooks","title":"Webhooks","templated":false},"pb:webhook":{"href":"http://localhost:9292/webhooks/{uuid}","title":"Webhook","templated":true},"pb:integrations":{"href":"http://localhost:9292/integrations","title":"Integrations","templated":false},"pb:pacticipant-version-tag":{"href":"http://localhost:9292/pacticipants/{pacticipant}/versions/{version}/tags/{tag}","title":"Get, create or delete a tag for a pacticipant version","templated":true},"pb:pacticipant-branch-version":{"href":"http://localhost:9292/pacticipants/{pacticipant}/branches/{branch}/versions/{version}","title":"Get or add/create a pacticipant version for a branch","templated":true},"pb:pacticipant-version":{"href":"http://localhost:9292/pacticipants/{pacticipant}/versions/{version}","title":"Get, create or delete a pacticipant version","templated":true},"pb:metrics":{"href":"http://localhost:9292/metrics","title":"Get Pact Broker metrics"},"pb:can-i-deploy-pacticipant-version-to-tag":{"href":"http://localhost:9292/can-i-deploy?pacticipant={pacticipant}&version={version}&to={tag}","title":"Determine if an application version can be safely deployed to an environment identified by the given tag","templated":true},"pb:can-i-deploy-pacticipant-version-to-environment":{"href":"http://localhost:9292/can-i-deploy?pacticipant={pacticipant}&version={version}&environment={environment}","title":"Determine if an application version can be safely deployed to an environment","templated":true},"pb:provider-pacts-for-verification":{"href":"http://localhost:9292/pacts/provider/{provider}/for-verification","title":"Pact versions to be verified for the specified provider","templated":true},"beta:provider-pacts-for-verification":{"name":"beta","href":"http://localhost:9292/pacts/provider/{provider}/for-verification","title":"DEPRECATED - please use pb:provider-pacts-for-verification","templated":true},"curies":[{"name":"pb","href":"http://localhost:9292/doc/{rel}?context=index","templated":true},{"name":"beta","href":"http://localhost:9292/doc/{rel}?context=index","templated":true}],"pb:environments":{"title":"Environments","href":"http://localhost:9292/environments","templated":false},"pb:environment":{"title":"Environment","href":"http://localhost:9292/environments/{uuid}","templated":true}}}"
15:34:53.897 [Test worker] DEBUG org.apache.hc.client5.http.headers - http-outgoing-0 << HTTP/1.1 200 OK
15:34:53.897 [Test worker] DEBUG org.apache.hc.client5.http.headers - http-outgoing-0 << Vary: Accept
15:34:53.897 [Test worker] DEBUG org.apache.hc.client5.http.headers - http-outgoing-0 << Content-Type: application/hal+json;charset=utf-8
15:34:53.897 [Test worker] DEBUG org.apache.hc.client5.http.headers - http-outgoing-0 << Date: Thu, 23 Feb 2023 10:04:53 GMT
15:34:53.897 [Test worker] DEBUG org.apache.hc.client5.http.headers - http-outgoing-0 << Server: Webmachine-Ruby/1.6.0 Rack/1.3
15:34:53.897 [Test worker] DEBUG org.apache.hc.client5.http.headers - http-outgoing-0 << X-Pact-Broker-Version: 2.106.0
15:34:53.897 [Test worker] DEBUG org.apache.hc.client5.http.headers - http-outgoing-0 << X-Content-Type-Options: nosniff
15:34:53.897 [Test worker] DEBUG org.apache.hc.client5.http.headers - http-outgoing-0 << Content-Length: 4300
15:34:53.899 [Test worker] DEBUG org.apache.hc.client5.http.impl.classic.MainClientExec - ex-0000000001 connection can be kept alive for 3 MINUTES
15:34:53.902 [Test worker] DEBUG org.apache.hc.client5.http.impl.classic.InternalHttpClient - ep-0000000001 releasing valid endpoint
15:34:53.902 [Test worker] DEBUG org.apache.hc.client5.http.impl.io.PoolingHttpClientConnectionManager - ep-0000000001 releasing endpoint
15:34:53.902 [Test worker] DEBUG org.apache.hc.client5.http.impl.io.PoolingHttpClientConnectionManager - ep-0000000001 connection http-outgoing-0 can be kept alive for 3 MINUTES
15:34:53.902 [Test worker] DEBUG org.apache.hc.client5.http.impl.io.PoolingHttpClientConnectionManager - ep-0000000001 connection released [route: {}->http://localhost:9292][total available: 1; route allocated: 1 of 5; total allocated: 1 of 25]
15:34:53.914 [Test worker] DEBUG au.com.dius.pact.core.pactbroker.PactBrokerClient - Fetching pacts using the pactsForVerification endpoint
15:34:53.919 [Test worker] DEBUG org.apache.hc.client5.http.impl.classic.InternalHttpClient - ex-0000000002 preparing request execution
15:34:53.919 [Test worker] DEBUG org.apache.hc.client5.http.protocol.RequestAddCookies - ex-0000000002 Cookie spec selected: strict
15:34:53.919 [Test worker] DEBUG org.apache.hc.client5.http.protocol.RequestAuthCache - ex-0000000002 Auth cache not set in the context
15:34:53.919 [Test worker] DEBUG org.apache.hc.client5.http.impl.classic.ProtocolExec - ex-0000000002 target auth state: UNCHALLENGED
15:34:53.919 [Test worker] DEBUG org.apache.hc.client5.http.impl.classic.ProtocolExec - ex-0000000002 proxy auth state: UNCHALLENGED
15:34:53.919 [Test worker] DEBUG org.apache.hc.client5.http.impl.classic.ConnectExec - ex-0000000002 acquiring connection with route {}->http://localhost:9292
15:34:53.919 [Test worker] DEBUG org.apache.hc.client5.http.impl.classic.InternalHttpClient - ex-0000000002 acquiring endpoint (3 MINUTES)
15:34:53.919 [Test worker] DEBUG org.apache.hc.client5.http.impl.io.PoolingHttpClientConnectionManager - ex-0000000002 endpoint lease request (3 MINUTES) [route: {}->http://localhost:9292][total available: 1; route allocated: 1 of 5; total allocated: 1 of 25]
15:34:53.919 [Test worker] DEBUG org.apache.hc.client5.http.impl.io.PoolingHttpClientConnectionManager - ex-0000000002 endpoint leased [route: {}->http://localhost:9292][total available: 0; route allocated: 1 of 5; total allocated: 1 of 25]
15:34:53.919 [Test worker] DEBUG org.apache.hc.client5.http.impl.io.PoolingHttpClientConnectionManager - ex-0000000002 acquired ep-0000000002
15:34:53.919 [Test worker] DEBUG org.apache.hc.client5.http.impl.classic.InternalHttpClient - ex-0000000002 acquired endpoint ep-0000000002
15:34:53.919 [Test worker] DEBUG org.apache.hc.client5.http.impl.classic.MainClientExec - ex-0000000002 executing POST /pacts/provider/UserServiceJUnit5/for-verification HTTP/1.1
15:34:53.920 [Test worker] DEBUG org.apache.hc.client5.http.impl.classic.InternalHttpClient - ep-0000000002 start execution ex-0000000002
15:34:53.920 [Test worker] DEBUG org.apache.hc.client5.http.impl.io.PoolingHttpClientConnectionManager - ep-0000000002 executing exchange ex-0000000002 over http-outgoing-0
15:34:53.920 [Test worker] DEBUG org.apache.hc.client5.http.headers - http-outgoing-0 >> POST /pacts/provider/UserServiceJUnit5/for-verification HTTP/1.1
15:34:53.920 [Test worker] DEBUG org.apache.hc.client5.http.headers - http-outgoing-0 >> Content-Type: application/json; charset=UTF-8
15:34:53.920 [Test worker] DEBUG org.apache.hc.client5.http.headers - http-outgoing-0 >> Accept: application/hal+json, application/json
15:34:53.920 [Test worker] DEBUG org.apache.hc.client5.http.headers - http-outgoing-0 >> Accept-Encoding: gzip, x-gzip, deflate
15:34:53.920 [Test worker] DEBUG org.apache.hc.client5.http.headers - http-outgoing-0 >> Content-Length: 60
15:34:53.920 [Test worker] DEBUG org.apache.hc.client5.http.headers - http-outgoing-0 >> Host: localhost:9292
15:34:53.920 [Test worker] DEBUG org.apache.hc.client5.http.headers - http-outgoing-0 >> Connection: keep-alive
15:34:53.920 [Test worker] DEBUG org.apache.hc.client5.http.headers - http-outgoing-0 >> User-Agent: Apache-HttpClient/5.1.4 (Java/19)
15:34:53.920 [Test worker] DEBUG org.apache.hc.client5.http.wire - http-outgoing-0 >> "POST /pacts/provider/UserServiceJUnit5/for-verification HTTP/1.1[\r][\n]"
15:34:53.920 [Test worker] DEBUG org.apache.hc.client5.http.wire - http-outgoing-0 >> "Content-Type: application/json; charset=UTF-8[\r][\n]"
15:34:53.920 [Test worker] DEBUG org.apache.hc.client5.http.wire - http-outgoing-0 >> "Accept: application/hal+json, application/json[\r][\n]"
15:34:53.920 [Test worker] DEBUG org.apache.hc.client5.http.wire - http-outgoing-0 >> "Accept-Encoding: gzip, x-gzip, deflate[\r][\n]"
15:34:53.920 [Test worker] DEBUG org.apache.hc.client5.http.wire - http-outgoing-0 >> "Content-Length: 60[\r][\n]"
15:34:53.920 [Test worker] DEBUG org.apache.hc.client5.http.wire - http-outgoing-0 >> "Host: localhost:9292[\r][\n]"
15:34:53.920 [Test worker] DEBUG org.apache.hc.client5.http.wire - http-outgoing-0 >> "Connection: keep-alive[\r][\n]"
15:34:53.920 [Test worker] DEBUG org.apache.hc.client5.http.wire - http-outgoing-0 >> "User-Agent: Apache-HttpClient/5.1.4 (Java/19)[\r][\n]"
15:34:53.920 [Test worker] DEBUG org.apache.hc.client5.http.wire - http-outgoing-0 >> "[\r][\n]"
15:34:53.920 [Test worker] DEBUG org.apache.hc.client5.http.wire - http-outgoing-0 >> "{"consumerVersionSelectors":[],"includePendingStatus":false}"
15:34:54.009 [Test worker] DEBUG org.apache.hc.client5.http.wire - http-outgoing-0 << "HTTP/1.1 200 OK[\r][\n]"
15:34:54.010 [Test worker] DEBUG org.apache.hc.client5.http.wire - http-outgoing-0 << "Vary: Accept[\r][\n]"
15:34:54.010 [Test worker] DEBUG org.apache.hc.client5.http.wire - http-outgoing-0 << "Content-Type: application/hal+json;charset=utf-8[\r][\n]"
15:34:54.010 [Test worker] DEBUG org.apache.hc.client5.http.wire - http-outgoing-0 << "Date: Thu, 23 Feb 2023 10:04:54 GMT[\r][\n]"
15:34:54.010 [Test worker] DEBUG org.apache.hc.client5.http.wire - http-outgoing-0 << "Server: Webmachine-Ruby/1.6.0 Rack/1.3[\r][\n]"
15:34:54.010 [Test worker] DEBUG org.apache.hc.client5.http.wire - http-outgoing-0 << "X-Pact-Broker-Version: 2.106.0[\r][\n]"
15:34:54.010 [Test worker] DEBUG org.apache.hc.client5.http.wire - http-outgoing-0 << "X-Content-Type-Options: nosniff[\r][\n]"
15:34:54.010 [Test worker] DEBUG org.apache.hc.client5.http.wire - http-outgoing-0 << "Content-Length: 886[\r][\n]"
15:34:54.010 [Test worker] DEBUG org.apache.hc.client5.http.wire - http-outgoing-0 << "[\r][\n]"
15:34:54.010 [Test worker] DEBUG org.apache.hc.client5.http.wire - http-outgoing-0 << "{"_embedded":{"pacts":[{"shortDescription":"latest","verificationProperties":{"notices":[{"when":"before_verification","text":"The pact at http://localhost:9292/pacts/provider/UserServiceJUnit5/consumer/UserConsumer/pact-version/d26ee310cec3ba52ca61e73fb09aec9023510079 is being verified because the pact content belongs to the consumer version matching the following criterion:\n    * latest version of UserConsumer that has a pact with UserServiceJUnit5 (0.0.1-SNAPSHOT)"}]},"_links":{"self":{"href":"http://localhost:9292/pacts/provider/UserServiceJUnit5/consumer/UserConsumer/pact-version/d26ee310cec3ba52ca61e73fb09aec9023510079/metadata/c1tdW2xdPXRydWUmc1tdW2N2XT0xMw","name":"Pact between UserConsumer (0.0.1-SNAPSHOT) and UserServiceJUnit5"}}}]},"_links":{"self":{"href":"http://localhost:9292/pacts/provider/UserServiceJUnit5/for-verification","title":"Pacts to be verified"}}}"
15:34:54.010 [Test worker] DEBUG org.apache.hc.client5.http.headers - http-outgoing-0 << HTTP/1.1 200 OK
15:34:54.010 [Test worker] DEBUG org.apache.hc.client5.http.headers - http-outgoing-0 << Vary: Accept
15:34:54.010 [Test worker] DEBUG org.apache.hc.client5.http.headers - http-outgoing-0 << Content-Type: application/hal+json;charset=utf-8
15:34:54.010 [Test worker] DEBUG org.apache.hc.client5.http.headers - http-outgoing-0 << Date: Thu, 23 Feb 2023 10:04:54 GMT
15:34:54.010 [Test worker] DEBUG org.apache.hc.client5.http.headers - http-outgoing-0 << Server: Webmachine-Ruby/1.6.0 Rack/1.3
15:34:54.010 [Test worker] DEBUG org.apache.hc.client5.http.headers - http-outgoing-0 << X-Pact-Broker-Version: 2.106.0
15:34:54.010 [Test worker] DEBUG org.apache.hc.client5.http.headers - http-outgoing-0 << X-Content-Type-Options: nosniff
15:34:54.010 [Test worker] DEBUG org.apache.hc.client5.http.headers - http-outgoing-0 << Content-Length: 886
15:34:54.010 [Test worker] DEBUG org.apache.hc.client5.http.impl.classic.MainClientExec - ex-0000000002 connection can be kept alive for 3 MINUTES
15:34:54.011 [Test worker] DEBUG org.apache.hc.client5.http.impl.classic.InternalHttpClient - ep-0000000002 releasing valid endpoint
15:34:54.011 [Test worker] DEBUG org.apache.hc.client5.http.impl.io.PoolingHttpClientConnectionManager - ep-0000000002 releasing endpoint
15:34:54.011 [Test worker] DEBUG org.apache.hc.client5.http.impl.io.PoolingHttpClientConnectionManager - ep-0000000002 connection http-outgoing-0 can be kept alive for 3 MINUTES
15:34:54.011 [Test worker] DEBUG org.apache.hc.client5.http.impl.io.PoolingHttpClientConnectionManager - ep-0000000002 connection released [route: {}->http://localhost:9292][total available: 1; route allocated: 1 of 5; total allocated: 1 of 25]
15:34:54.015 [Test worker] DEBUG au.com.dius.pact.core.pactbroker.HalClient - Fetching: http://localhost:9292/pacts/provider/UserServiceJUnit5/consumer/UserConsumer/pact-version/d26ee310cec3ba52ca61e73fb09aec9023510079/metadata/c1tdW2xdPXRydWUmc1tdW2N2XT0xMw
15:34:54.016 [Test worker] DEBUG org.apache.hc.client5.http.impl.classic.InternalHttpClient - ex-0000000003 preparing request execution
15:34:54.016 [Test worker] DEBUG org.apache.hc.client5.http.protocol.RequestAddCookies - ex-0000000003 Cookie spec selected: strict
15:34:54.016 [Test worker] DEBUG org.apache.hc.client5.http.protocol.RequestAuthCache - ex-0000000003 Auth cache not set in the context
15:34:54.016 [Test worker] DEBUG org.apache.hc.client5.http.impl.classic.ProtocolExec - ex-0000000003 target auth state: UNCHALLENGED
15:34:54.016 [Test worker] DEBUG org.apache.hc.client5.http.impl.classic.ProtocolExec - ex-0000000003 proxy auth state: UNCHALLENGED
15:34:54.016 [Test worker] DEBUG org.apache.hc.client5.http.impl.classic.ConnectExec - ex-0000000003 acquiring connection with route {}->http://localhost:9292
15:34:54.016 [Test worker] DEBUG org.apache.hc.client5.http.impl.classic.InternalHttpClient - ex-0000000003 acquiring endpoint (3 MINUTES)
15:34:54.016 [Test worker] DEBUG org.apache.hc.client5.http.impl.io.PoolingHttpClientConnectionManager - ex-0000000003 endpoint lease request (3 MINUTES) [route: {}->http://localhost:9292][total available: 0; route allocated: 0 of 5; total allocated: 0 of 25]
15:34:54.016 [Test worker] DEBUG org.apache.hc.client5.http.impl.io.PoolingHttpClientConnectionManager - ex-0000000003 endpoint leased [route: {}->http://localhost:9292][total available: 0; route allocated: 1 of 5; total allocated: 1 of 25]
15:34:54.016 [Test worker] DEBUG org.apache.hc.client5.http.impl.io.PoolingHttpClientConnectionManager - ex-0000000003 acquired ep-0000000003
15:34:54.016 [Test worker] DEBUG org.apache.hc.client5.http.impl.classic.InternalHttpClient - ex-0000000003 acquired endpoint ep-0000000003
15:34:54.017 [Test worker] DEBUG org.apache.hc.client5.http.impl.classic.ConnectExec - ex-0000000003 opening connection {}->http://localhost:9292
15:34:54.017 [Test worker] DEBUG org.apache.hc.client5.http.impl.classic.InternalHttpClient - ep-0000000003 connecting endpoint (3 MINUTES)
15:34:54.017 [Test worker] DEBUG org.apache.hc.client5.http.impl.io.PoolingHttpClientConnectionManager - ep-0000000003 connecting endpoint to http://localhost:9292 (3 MINUTES)
15:34:54.017 [Test worker] DEBUG org.apache.hc.client5.http.impl.io.DefaultHttpClientConnectionOperator - http-outgoing-1 connecting to localhost/127.0.0.1:9292
15:34:54.017 [Test worker] DEBUG org.apache.hc.client5.http.impl.io.DefaultHttpClientConnectionOperator - http-outgoing-1 connection established 127.0.0.1:53586<->127.0.0.1:9292
15:34:54.017 [Test worker] DEBUG org.apache.hc.client5.http.impl.io.PoolingHttpClientConnectionManager - ep-0000000003 connected http-outgoing-1
15:34:54.017 [Test worker] DEBUG org.apache.hc.client5.http.impl.classic.InternalHttpClient - ep-0000000003 endpoint connected
15:34:54.017 [Test worker] DEBUG org.apache.hc.client5.http.impl.classic.MainClientExec - ex-0000000003 executing GET /pacts/provider/UserServiceJUnit5/consumer/UserConsumer/pact-version/d26ee310cec3ba52ca61e73fb09aec9023510079/metadata/c1tdW2xdPXRydWUmc1tdW2N2XT0xMw HTTP/1.1
15:34:54.017 [Test worker] DEBUG org.apache.hc.client5.http.impl.classic.InternalHttpClient - ep-0000000003 start execution ex-0000000003
15:34:54.017 [Test worker] DEBUG org.apache.hc.client5.http.impl.io.PoolingHttpClientConnectionManager - ep-0000000003 executing exchange ex-0000000003 over http-outgoing-1
15:34:54.017 [Test worker] DEBUG org.apache.hc.client5.http.headers - http-outgoing-1 >> GET /pacts/provider/UserServiceJUnit5/consumer/UserConsumer/pact-version/d26ee310cec3ba52ca61e73fb09aec9023510079/metadata/c1tdW2xdPXRydWUmc1tdW2N2XT0xMw HTTP/1.1
15:34:54.017 [Test worker] DEBUG org.apache.hc.client5.http.headers - http-outgoing-1 >> Content-Type: application/json
15:34:54.017 [Test worker] DEBUG org.apache.hc.client5.http.headers - http-outgoing-1 >> Accept: application/hal+json, application/json
15:34:54.017 [Test worker] DEBUG org.apache.hc.client5.http.headers - http-outgoing-1 >> Accept-Encoding: gzip, x-gzip, deflate
15:34:54.017 [Test worker] DEBUG org.apache.hc.client5.http.headers - http-outgoing-1 >> Host: localhost:9292
15:34:54.017 [Test worker] DEBUG org.apache.hc.client5.http.headers - http-outgoing-1 >> Connection: keep-alive
15:34:54.017 [Test worker] DEBUG org.apache.hc.client5.http.headers - http-outgoing-1 >> User-Agent: Apache-HttpClient/5.1.4 (Java/19)
15:34:54.017 [Test worker] DEBUG org.apache.hc.client5.http.wire - http-outgoing-1 >> "GET /pacts/provider/UserServiceJUnit5/consumer/UserConsumer/pact-version/d26ee310cec3ba52ca61e73fb09aec9023510079/metadata/c1tdW2xdPXRydWUmc1tdW2N2XT0xMw HTTP/1.1[\r][\n]"
15:34:54.017 [Test worker] DEBUG org.apache.hc.client5.http.wire - http-outgoing-1 >> "Content-Type: application/json[\r][\n]"
15:34:54.018 [Test worker] DEBUG org.apache.hc.client5.http.wire - http-outgoing-1 >> "Accept: application/hal+json, application/json[\r][\n]"
15:34:54.018 [Test worker] DEBUG org.apache.hc.client5.http.wire - http-outgoing-1 >> "Accept-Encoding: gzip, x-gzip, deflate[\r][\n]"
15:34:54.018 [Test worker] DEBUG org.apache.hc.client5.http.wire - http-outgoing-1 >> "Host: localhost:9292[\r][\n]"
15:34:54.018 [Test worker] DEBUG org.apache.hc.client5.http.wire - http-outgoing-1 >> "Connection: keep-alive[\r][\n]"
15:34:54.018 [Test worker] DEBUG org.apache.hc.client5.http.wire - http-outgoing-1 >> "User-Agent: Apache-HttpClient/5.1.4 (Java/19)[\r][\n]"
15:34:54.018 [Test worker] DEBUG org.apache.hc.client5.http.wire - http-outgoing-1 >> "[\r][\n]"
15:34:54.058 [Test worker] DEBUG org.apache.hc.client5.http.wire - http-outgoing-1 << "HTTP/1.1 200 OK[\r][\n]"
15:34:54.058 [Test worker] DEBUG org.apache.hc.client5.http.wire - http-outgoing-1 << "Vary: Accept[\r][\n]"
15:34:54.058 [Test worker] DEBUG org.apache.hc.client5.http.wire - http-outgoing-1 << "Content-Type: application/hal+json;charset=utf-8[\r][\n]"
15:34:54.058 [Test worker] DEBUG org.apache.hc.client5.http.wire - http-outgoing-1 << "Date: Thu, 23 Feb 2023 10:04:54 GMT[\r][\n]"
15:34:54.058 [Test worker] DEBUG org.apache.hc.client5.http.wire - http-outgoing-1 << "Server: Webmachine-Ruby/1.6.0 Rack/1.3[\r][\n]"
15:34:54.058 [Test worker] DEBUG org.apache.hc.client5.http.wire - http-outgoing-1 << "X-Pact-Broker-Version: 2.106.0[\r][\n]"
15:34:54.058 [Test worker] DEBUG org.apache.hc.client5.http.wire - http-outgoing-1 << "X-Content-Type-Options: nosniff[\r][\n]"
15:34:54.058 [Test worker] DEBUG org.apache.hc.client5.http.wire - http-outgoing-1 << "Content-Length: 5859[\r][\n]"
15:34:54.058 [Test worker] DEBUG org.apache.hc.client5.http.wire - http-outgoing-1 << "[\r][\n]"
15:34:54.059 [Test worker] DEBUG org.apache.hc.client5.http.wire - http-outgoing-1 << "{"consumer":{"name":"UserConsumer"},"interactions":[{"_id":"2dc3bf8edab79041b1e0dda4f40752e6d73bff60","comments":{"text":[]},"description":"A request for a user","key":"5fa8fa6b","pending":false,"providerStates":[{"name":"A running user service"}],"request":{"method":"GET","path":"/users/1"},"response":{"body":{"content":{"id":1,"name":"Jane Doe"},"contentType":"application/json","encoded":false},"headers":{"Content-Type":["application/json"]},"matchingRules":{"body":{"$.id":{"combine":"AND","matchers":[{"match":"integer"},{"match":"regex","regex":"[0-9]*"}]},"$.name":{"combine":"AND","matchers":[{"match":"regex","regex":"[a-zA-Z ]*"}]}}},"status":200},"transport":"https","type":"Synchronous/HTTP"},{"_id":"e363a0a01dab9d6eef8ea17c59923bf74e80e3bd","comments":{"text":[]},"description":"A request for a user list","key":"2149737f","pending":false,"providerStates":[{"name":"A running user service"}],"request":{"method":"GET","path":"/users"},"response":{"body":{"content":[{"id":1,"name":"Jane Doe"},{"id":2,"name":"John Doe"}],"contentType":"application/json","encoded":false},"headers":{"Content-Type":["application/json"]},"matchingRules":{"body":{"$[0].id":{"combine":"AND","matchers":[{"match":"integer"},{"match":"regex","regex":"[0-9]*"}]},"$[0].name":{"combine":"AND","matchers":[{"match":"regex","regex":"[a-zA-Z ]*"}]},"$[1].id":{"combine":"AND","matchers":[{"match":"integer"},{"match":"regex","regex":"[0-9]*"}]},"$[1].name":{"combine":"AND","matchers":[{"match":"regex","regex":"[a-zA-Z ]*"}]}}},"status":200},"transport":"https","type":"Synchronous/HTTP"}],"metadata":{"pact-jvm":{"version":"4.4.2"},"pactSpecification":{"version":"4.0"}},"provider":{"name":"UserServiceJUnit5"},"createdAt":"2023-02-23T10:03:27+00:00","_links":{"self":{"title":"Pact","name":"Pact between UserConsumer (0.0.1-SNAPSHOT) and UserServiceJUnit5","href":"http://localhost:9292/pacts/provider/UserServiceJUnit5/consumer/UserConsumer/version/0.0.1-SNAPSHOT"},"pb:consumer":{"title":"Consumer","name":"UserConsumer","href":"http://localhost:9292/pacticipants/UserConsumer"},"pb:consumer-version":{"title":"Consumer version","name":"0.0.1-SNAPSHOT","href":"http://localhost:9292/pacticipants/UserConsumer/versions/0.0.1-SNAPSHOT"},"pb:consumer-versions":[{"title":"Consumer version","name":"0.0.1-SNAPSHOT","href":"http://localhost:9292/pacticipants/UserConsumer/versions/0.0.1-SNAPSHOT"}],"pb:provider":{"title":"Provider","name":"UserServiceJUnit5","href":"http://localhost:9292/pacticipants/UserServiceJUnit5"},"pb:pact-version":{"title":"Pact content version permalink","name":"d26ee310cec3ba52ca61e73fb09aec9023510079","href":"http://localhost:9292/pacts/provider/UserServiceJUnit5/consumer/UserConsumer/pact-version/d26ee310cec3ba52ca61e73fb09aec9023510079"},"pb:latest-pact-version":{"title":"Latest version of this pact","href":"http://localhost:9292/pacts/provider/UserServiceJUnit5/consumer/UserConsumer/latest"},"pb:all-pact-versions":{"title":"All versions of this pact","href":"http://localhost:9292/pacts/provider/UserServiceJUnit5/consumer/UserConsumer/versions"},"pb:latest-untagged-pact-version":{"title":"Latest untagged version of this pact","href":"http://localhost:9292/pacts/provider/UserServiceJUnit5/consumer/UserConsumer/latest-untagged"},"pb:latest-tagged-pact-version":{"title":"Latest tagged version of this pact","href":"http://localhost:9292/pacts/provider/UserServiceJUnit5/consumer/UserConsumer/latest/{tag}","templated":true},"pb:previous-distinct":{"title":"Previous distinct version of this pact","href":"http://localhost:9292/pacts/provider/UserServiceJUnit5/consumer/UserConsumer/version/0.0.1-SNAPSHOT/previous-distinct"},"pb:diff-previous-distinct":{"title":"Diff with previous distinct version of this pact","href":"http://localhost:9292/pacts/provider/UserServiceJUnit5/consumer/UserConsumer/version/0.0.1-SNAPSHOT/diff/previous-distinct"},"pb:diff":{"title":"Diff with another specified version of this pact","href":"http://localhost:9292/pacts/provider/UserServiceJUnit5/consumer/UserConsumer/pact-version/d26ee310cec3ba52ca61e73fb09aec9023510079/diff/pact-version/{pactVersion}","templated":true},"pb:pact-webhooks":{"title":"Webhooks for the pact between UserConsumer and UserServiceJUnit5","href":"http://localhost:9292/webhooks/provider/UserServiceJUnit5/consumer/UserConsumer"},"pb:consumer-webhooks":{"title":"Webhooks for all pacts with provider UserServiceJUnit5","href":"http://localhost:9292/webhooks/consumer/UserServiceJUnit5"},"pb:tag-prod-version":{"title":"PUT to this resource to tag this consumer version as 'production'","href":"http://localhost:9292/pacticipants/UserConsumer/versions/0.0.1-SNAPSHOT/tags/prod"},"pb:tag-version":{"title":"PUT to this resource to tag this consumer version","href":"http://localhost:9292/pacticipants/UserConsumer/versions/0.0.1-SNAPSHOT/tags/{tag}"},"pb:publish-verification-results":{"title":"Publish verification results","href":"http://localhost:9292/pacts/provider/UserServiceJUnit5/consumer/UserConsumer/pact-version/d26ee310cec3ba52ca61e73fb09aec9023510079/metadata/c1tdW2xdPXRydWUmc1tdW2N2XT0xMw/verification-results"},"pb:latest-verification-results":{"href":"http://localhost:9292/pacts/provider/UserServiceJUnit5/consumer/UserConsumer/pact-version/d26ee310cec3ba52ca61e73fb09aec9023510079/verification-results/latest"},"pb:triggered-webhooks":{"title":"Webhooks triggered by the publication of this pact","href":"http://localhost:9292/pacts/provider/UserServiceJUnit5/consumer/UserConsumer/version/0.0.1-SNAPSHOT/triggered-webhooks"},"pb:matrix-for-consumer-version":{"title":"View matrix rows for the consumer version to which this pact belongs","href":"http://localhost:9292/matrix?q[][pacticipant]=UserConsumer&q[][version]=0.0.1-SNAPSHOT&latestby=cvpv"},"curies":[{"name":"pb","href":"http://localhost:9292/doc/{rel}?context=pact","templated":true}]}}"
15:34:54.059 [Test worker] DEBUG org.apache.hc.client5.http.headers - http-outgoing-1 << HTTP/1.1 200 OK
15:34:54.059 [Test worker] DEBUG org.apache.hc.client5.http.headers - http-outgoing-1 << Vary: Accept
15:34:54.059 [Test worker] DEBUG org.apache.hc.client5.http.headers - http-outgoing-1 << Content-Type: application/hal+json;charset=utf-8
15:34:54.059 [Test worker] DEBUG org.apache.hc.client5.http.headers - http-outgoing-1 << Date: Thu, 23 Feb 2023 10:04:54 GMT
15:34:54.059 [Test worker] DEBUG org.apache.hc.client5.http.headers - http-outgoing-1 << Server: Webmachine-Ruby/1.6.0 Rack/1.3
15:34:54.059 [Test worker] DEBUG org.apache.hc.client5.http.headers - http-outgoing-1 << X-Pact-Broker-Version: 2.106.0
15:34:54.059 [Test worker] DEBUG org.apache.hc.client5.http.headers - http-outgoing-1 << X-Content-Type-Options: nosniff
15:34:54.059 [Test worker] DEBUG org.apache.hc.client5.http.headers - http-outgoing-1 << Content-Length: 5859
15:34:54.059 [Test worker] DEBUG org.apache.hc.client5.http.impl.classic.MainClientExec - ex-0000000003 connection can be kept alive for 3 MINUTES
15:34:54.059 [Test worker] DEBUG org.apache.hc.client5.http.impl.classic.InternalHttpClient - ep-0000000003 releasing valid endpoint
15:34:54.059 [Test worker] DEBUG org.apache.hc.client5.http.impl.io.PoolingHttpClientConnectionManager - ep-0000000003 releasing endpoint
15:34:54.059 [Test worker] DEBUG org.apache.hc.client5.http.impl.io.PoolingHttpClientConnectionManager - ep-0000000003 connection http-outgoing-1 can be kept alive for 3 MINUTES
15:34:54.059 [Test worker] DEBUG org.apache.hc.client5.http.impl.io.PoolingHttpClientConnectionManager - ep-0000000003 connection released [route: {}->http://localhost:9292][total available: 1; route allocated: 1 of 5; total allocated: 1 of 25]
15:34:54.061 [Test worker] DEBUG org.apache.hc.client5.http.impl.io.PoolingHttpClientConnectionManager - Shutdown connection pool GRACEFUL
15:34:54.061 [Test worker] DEBUG org.apache.hc.client5.http.impl.io.PoolingHttpClientConnectionManager - Connection pool shut down
15:34:54.161 [Test worker] DEBUG org.springframework.test.context.support.DependencyInjectionTestExecutionListener - Performing dependency injection for test class com.pact.consumer.producer.PactProviderJUnit5WithBrokerTest

  .   ____          _            __ _ _
 /\\ / ___'_ __ _ _(_)_ __  __ _ \ \ \ \
( ( )\___ | '_ | '_| | '_ \/ _` | \ \ \ \
 \\/  ___)| |_)| | | | | || (_| |  ) ) ) )
  '  |____| .__|_| |_|_| |_\__, | / / / /
 =========|_|==============|___/=/_/_/_/
 :: Spring Boot ::                (v3.0.0)

2023-02-23T15:34:54.275+05:30  WARN 22437 --- [    Test worker] ory$DuplicateJsonObjectContextCustomizer : 

Found multiple occurrences of org.json.JSONObject on the class path:

	jar:file:/Users/siva/.gradle/caches/modules-2/files-2.1/org.json/json/20220924/5aa95e7688f76c664af205c5937620f02688dfbc/json-20220924.jar!/org/json/JSONObject.class
	jar:file:/Users/siva/.gradle/caches/modules-2/files-2.1/com.vaadin.external.google/android-json/0.0.20131108.vaadin1/fa26d351fe62a6a17f5cda1287c1c6110dec413f/android-json-0.0.20131108.vaadin1.jar!/org/json/JSONObject.class

You may wish to exclude one of them to ensure predictable runtime behavior

2023-02-23T15:34:54.280+05:30  INFO 22437 --- [    Test worker] c.p.c.p.PactProviderJUnit5WithBrokerTest : Starting PactProviderJUnit5WithBrokerTest using Java 19 with PID 22437 (started by siva in /Users/siva/FACADE/FissionLabs/coe/pact-consumer-producer)
2023-02-23T15:34:54.280+05:30  INFO 22437 --- [    Test worker] c.p.c.p.PactProviderJUnit5WithBrokerTest : No active profile set, falling back to 1 default profile: "default"
2023-02-23T15:34:54.715+05:30  INFO 22437 --- [    Test worker] o.s.b.w.embedded.tomcat.TomcatWebServer  : Tomcat initialized with port(s): 0 (http)
2023-02-23T15:34:54.720+05:30  INFO 22437 --- [    Test worker] o.apache.catalina.core.StandardService   : Starting service [Tomcat]
2023-02-23T15:34:54.720+05:30  INFO 22437 --- [    Test worker] o.apache.catalina.core.StandardEngine    : Starting Servlet engine: [Apache Tomcat/10.1.1]
2023-02-23T15:34:54.762+05:30  INFO 22437 --- [    Test worker] o.a.c.c.C.[Tomcat].[localhost].[/]       : Initializing Spring embedded WebApplicationContext
2023-02-23T15:34:54.762+05:30  INFO 22437 --- [    Test worker] w.s.c.ServletWebServerApplicationContext : Root WebApplicationContext: initialization completed in 395 ms
2023-02-23T15:34:54.986+05:30  INFO 22437 --- [    Test worker] o.s.b.w.embedded.tomcat.TomcatWebServer  : Tomcat started on port(s): 53587 (http) with context path ''
2023-02-23T15:34:54.990+05:30  INFO 22437 --- [    Test worker] c.p.c.p.PactProviderJUnit5WithBrokerTest : Started PactProviderJUnit5WithBrokerTest in 0.818 seconds (process running for 2.043)
2023-02-23T15:34:55.158+05:30  INFO 22437 --- [    Test worker] p.j.PactVerificationStateChangeExtension : Invoking state change method 'A running user service':SETUP

Verifying a pact between UserConsumer (0.0.1-SNAPSHOT) and UserServiceJUnit5

  Notices:
    1) The pact at http://localhost:9292/pacts/provider/UserServiceJUnit5/consumer/UserConsumer/pact-version/d26ee310cec3ba52ca61e73fb09aec9023510079 is being verified because the pact content belongs to the consumer version matching the following criterion:
    * latest version of UserConsumer that has a pact with UserServiceJUnit5 (0.0.1-SNAPSHOT)

  [from Pact Broker http://localhost:9292/pacts/provider/UserServiceJUnit5/consumer/UserConsumer/pact-version/d26ee310cec3ba52ca61e73fb09aec9023510079/metadata/c1tdW2xdPXRydWUmc1tdW2N2XT0xMw]
  Given A running user service
  A request for a user

  Comments:

2023-02-23T15:34:55.217+05:30  WARN 22437 --- [       Thread-4] au.com.dius.pact.core.support.Metrics    : 
            Please note: we are tracking events anonymously to gather important usage statistics like JVM version
            and operating system. To disable tracking, set the 'pact_do_not_track' system property or environment
            variable to 'true'.
            
2023-02-23T15:34:55.249+05:30  INFO 22437 --- [o-auto-1-exec-1] o.a.c.c.C.[Tomcat].[localhost].[/]       : Initializing Spring DispatcherServlet 'dispatcherServlet'
2023-02-23T15:34:55.249+05:30  INFO 22437 --- [o-auto-1-exec-1] o.s.web.servlet.DispatcherServlet        : Initializing Servlet 'dispatcherServlet'
2023-02-23T15:34:55.250+05:30  INFO 22437 --- [o-auto-1-exec-1] o.s.web.servlet.DispatcherServlet        : Completed initialization in 1 ms
    returns a response which
      has status code 200 (OK)
      has a matching body (OK)
2023-02-23T15:34:55.309+05:30  WARN 22437 --- [    Test worker] a.c.d.p.p.DefaultTestResultAccumulator   : Not all of the 2 were verified. The following were missing:
2023-02-23T15:34:55.309+05:30  WARN 22437 --- [    Test worker] a.c.d.p.p.DefaultTestResultAccumulator   :     A request for a user list
2023-02-23T15:34:55.316+05:30  INFO 22437 --- [    Test worker] p.j.PactVerificationStateChangeExtension : Invoking state change method 'A running user service':SETUP

Verifying a pact between UserConsumer (0.0.1-SNAPSHOT) and UserServiceJUnit5

  Notices:
    1) The pact at http://localhost:9292/pacts/provider/UserServiceJUnit5/consumer/UserConsumer/pact-version/d26ee310cec3ba52ca61e73fb09aec9023510079 is being verified because the pact content belongs to the consumer version matching the following criterion:
    * latest version of UserConsumer that has a pact with UserServiceJUnit5 (0.0.1-SNAPSHOT)

  [from Pact Broker http://localhost:9292/pacts/provider/UserServiceJUnit5/consumer/UserConsumer/pact-version/d26ee310cec3ba52ca61e73fb09aec9023510079/metadata/c1tdW2xdPXRydWUmc1tdW2N2XT0xMw]
  Given A running user service
  A request for a user list

  Comments:

    returns a response which
      has status code 200 (OK)
      has a matching body (OK)
2023-02-23T15:34:55.342+05:30  WARN 22437 --- [    Test worker] a.c.dius.pact.provider.ProviderVersion   : Provider version not set, defaulting to '0.0.0'
2023-02-23T15:34:55.513+05:30  INFO 22437 --- [    Test worker] a.c.d.p.p.DefaultVerificationReporter    : Published verification result of 'Ok(interactionIds=[2dc3bf8edab79041b1e0dda4f40752e6d73bff60, e363a0a01dab9d6eef8ea17c59923bf74e80e3bd])' for consumer 'Consumer(name=UserConsumer)'
]]></system-out>
  <system-err><![CDATA[]]></system-err>
</testsuite>
